<?xml version="1.0" encoding="UTF-8" ?>
<testsuite errors="0" skipped="0" tests="5" time="2.453" failures="0" name="org.milyn.smooks.mule.SmooksTransformerTest">
  <properties>
[...]
</properties>
  <testcase classname="org.milyn.smooks.mule.SmooksTransformerTest" time="1.016" name="initWithoutSmooksConfigFile"/>
  <testcase classname="org.milyn.smooks.mule.SmooksTransformerTest" time="0.219" name="illegalResultType"/>
  <testcase classname="org.milyn.smooks.mule.SmooksTransformerTest" time="0.344" name="javaResultBeanId"/>
  <testcase classname="org.milyn.smooks.mule.SmooksTransformerTest" time="0.235" name="doTransformation"/>
  <testcase classname="org.milyn.smooks.mule.SmooksTransformerTest" time="0.609" name="doTransformationWithSmooksReportGeneration"/>
</testsuite>